npm verbose cli C:\Program Files\nodejs\node.exe C:\Users\Marcos\AppData\Roaming\npm\node_modules\npm\bin\npm-cli.js
npm info using npm@10.8.1
npm info using node@v20.11.1
npm verbose title npm install
npm verbose argv "install" "--legacy-peer-deps" "--loglevel" "verbose"
npm verbose logfile logs-max:10 dir:C:\Users\Marcos\AppData\Local\npm-cache\_logs\2024-08-11T04_39_15_851Z-
npm verbose logfile C:\Users\Marcos\AppData\Local\npm-cache\_logs\2024-08-11T04_39_15_851Z-debug-0.log
npm http fetch GET 200 https://registry.npmjs.org/@faker-js%2ffaker 1862ms (cache revalidated)
npm http fetch GET 200 https://registry.npmjs.org/cypress-mochawesome-reporter 731ms (cache revalidated)
npm http fetch GET 200 https://registry.npmjs.org/browserstack-cypress-cli 716ms (cache revalidated)
npm http fetch GET 200 https://registry.npmjs.org/cypress 13ms (cache hit)
npm http fetch GET 200 https://registry.npmjs.org/archiver 164ms (cache revalidated)
npm http fetch GET 200 https://registry.npmjs.org/chalk 585ms (cache revalidated)
npm http fetch GET 200 https://registry.npmjs.org/cli-progress 589ms (cache revalidated)
npm http fetch GET 200 https://registry.npmjs.org/fs-extra 622ms (cache revalidated)
npm http fetch GET 200 https://registry.npmjs.org/glob 180ms (cache revalidated)
npm http fetch GET 200 https://registry.npmjs.org/git-last-commit 767ms (cache revalidated)
npm http fetch GET 200 https://registry.npmjs.org/mocha 188ms (cache revalidated)
npm http fetch GET 200 https://registry.npmjs.org/getmac 1163ms (cache revalidated)
npm http fetch GET 200 https://registry.npmjs.org/browserstack-local 1195ms (cache revalidated)
npm http fetch GET 200 https://registry.npmjs.org/async 1218ms (cache revalidated)
npm http fetch GET 200 https://registry.npmjs.org/git-repo-info 713ms (cache revalidated)
npm http fetch GET 200 https://registry.npmjs.org/gitconfiglocal 731ms (cache revalidated)
npm http fetch GET 200 https://registry.npmjs.org/requestretry 191ms (cache revalidated)
npm http fetch GET 200 https://registry.npmjs.org/table 182ms (cache revalidated)
npm http fetch GET 200 https://registry.npmjs.org/uuid 165ms (cache revalidated)
npm http fetch GET 200 https://registry.npmjs.org/windows-release 179ms (cache revalidated)
npm http fetch GET 200 https://registry.npmjs.org/winston 219ms (cache revalidated)
npm http fetch GET 200 https://registry.npmjs.org/yargs 158ms (cache revalidated)
npm http fetch GET 200 https://registry.npmjs.org/mkdirp 767ms (cache revalidated)
npm http fetch GET 200 https://registry.npmjs.org/decompress 174ms (cache revalidated)
npm http fetch GET 200 https://registry.npmjs.org/tmp 172ms (cache revalidated)
npm http fetch GET 200 https://registry.npmjs.org/arch 172ms (cache revalidated)
npm http fetch GET 200 https://registry.npmjs.org/node-ipc 779ms (cache revalidated)
npm http fetch GET 200 https://registry.npmjs.org/dayjs 156ms (cache revalidated)
npm http fetch GET 200 https://registry.npmjs.org/request 735ms (cache revalidated)
npm http fetch GET 200 https://registry.npmjs.org/debug 194ms (cache revalidated)
npm http fetch GET 200 https://registry.npmjs.org/execa 164ms (cache revalidated)
npm http fetch GET 200 https://registry.npmjs.org/getos 169ms (cache revalidated)
npm http fetch GET 200 https://registry.npmjs.org/update-notifier 719ms (cache revalidated)
npm http fetch GET 200 https://registry.npmjs.org/buffer 203ms (cache revalidated)
npm http fetch GET 200 https://registry.npmjs.org/lodash 174ms (cache revalidated)
npm http fetch GET 200 https://registry.npmjs.org/listr2 211ms (cache revalidated)
npm http fetch GET 200 https://registry.npmjs.org/semver 161ms (cache revalidated)
npm http fetch GET 200 https://registry.npmjs.org/figures 160ms (cache revalidated)
npm http fetch GET 200 https://registry.npmjs.org/process 195ms (cache revalidated)
npm http fetch GET 200 https://registry.npmjs.org/cachedir 173ms (cache revalidated)
npm http fetch GET 200 https://registry.npmjs.org/enquirer 154ms (cache revalidated)
npm http fetch GET 200 https://registry.npmjs.org/minimist 154ms (cache revalidated)
npm http fetch GET 200 https://registry.npmjs.org/is-ci 728ms (cache revalidated)
npm http fetch GET 200 https://registry.npmjs.org/yauzl 719ms (cache revalidated)
npm http fetch GET 200 https://registry.npmjs.org/commander 170ms (cache revalidated)
npm http fetch GET 200 https://registry.npmjs.org/cli-cursor 163ms (cache revalidated)
npm http fetch GET 200 https://registry.npmjs.org/ospath 743ms (cache revalidated)
npm http fetch GET 200 https://registry.npmjs.org/cli-table3 157ms (cache revalidated)
npm http fetch GET 200 https://registry.npmjs.org/executable 169ms (cache revalidated)
npm http fetch GET 200 https://registry.npmjs.org/bluebird 771ms (cache revalidated)
npm http fetch GET 200 https://registry.npmjs.org/lazy-ass 745ms (cache revalidated)
npm http fetch GET 200 https://registry.npmjs.org/log-symbols 184ms (cache revalidated)
npm http fetch GET 200 https://registry.npmjs.org/pretty-bytes 182ms (cache revalidated)
npm http fetch GET 200 https://registry.npmjs.org/blob-util 753ms (cache revalidated)
npm http fetch GET 200 https://registry.npmjs.org/untildify 735ms (cache revalidated)
npm http fetch GET 200 https://registry.npmjs.org/eventemitter2 210ms (cache revalidated)
npm http fetch GET 200 https://registry.npmjs.org/@cypress%2fxvfb 264ms (cache revalidated)
npm http fetch GET 200 https://registry.npmjs.org/proxy-from-env 222ms (cache revalidated)
npm http fetch GET 200 https://registry.npmjs.org/common-tags 736ms (cache revalidated)
npm http fetch GET 200 https://registry.npmjs.org/supports-color 224ms (cache revalidated)
npm http fetch GET 200 https://registry.npmjs.org/@cypress%2frequest 205ms (cache revalidated)
npm http fetch GET 200 https://registry.npmjs.org/extract-zip 745ms (cache revalidated)
npm http fetch GET 200 https://registry.npmjs.org/request-progress 167ms (cache revalidated)
npm http fetch GET 200 https://registry.npmjs.org/is-installed-globally 174ms (cache revalidated)
npm http fetch GET 200 https://registry.npmjs.org/check-more-types 734ms (cache revalidated)
npm http fetch GET 200 https://registry.npmjs.org/mochawesome 730ms (cache revalidated)
npm http fetch GET 200 https://registry.npmjs.org/mochawesome-merge 757ms (cache revalidated)
npm http fetch GET 200 https://registry.npmjs.org/mochawesome-report-generator 757ms (cache revalidated)
npm http fetch GET 200 https://registry.npmjs.org/@types%2fsizzle 1296ms (cache revalidated)
npm http fetch GET 200 https://registry.npmjs.org/@types%2fsinonjs__fake-timers 1305ms (cache revalidated)
npm http fetch GET 200 https://registry.npmjs.org/buffer-crc32 198ms (cache revalidated)
npm http fetch GET 200 https://registry.npmjs.org/tar-stream 203ms (cache revalidated)
npm http fetch GET 200 https://registry.npmjs.org/readdir-glob 215ms (cache revalidated)
npm http fetch GET 200 https://registry.npmjs.org/https-proxy-agent 214ms (cache revalidated)
npm http fetch GET 200 https://registry.npmjs.org/readable-stream 222ms (cache revalidated)
npm http fetch GET 200 https://registry.npmjs.org/archiver-utils 230ms (cache revalidated)
npm http fetch GET 200 https://registry.npmjs.org/ps-tree 184ms (cache revalidated)
npm http fetch GET 200 https://registry.npmjs.org/ansi-styles 181ms (cache revalidated)
npm http fetch GET 200 https://registry.npmjs.org/string-width 181ms (cache revalidated)
npm http fetch GET 200 https://registry.npmjs.org/agent-base 198ms (cache revalidated)
npm http fetch GET 200 https://registry.npmjs.org/decompress-tar 148ms (cache revalidated)
npm http fetch GET 200 https://registry.npmjs.org/decompress-tarbz2 171ms (cache revalidated)
npm http fetch GET 200 https://registry.npmjs.org/decompress-targz 189ms (cache revalidated)
npm http fetch GET 200 https://registry.npmjs.org/graceful-fs 150ms (cache revalidated)
npm http fetch GET 200 https://registry.npmjs.org/zip-stream 732ms (cache revalidated)
npm http fetch GET 200 https://registry.npmjs.org/make-dir 171ms (cache revalidated)
npm http fetch GET 200 https://registry.npmjs.org/pify 174ms (cache revalidated)
npm http fetch GET 200 https://registry.npmjs.org/jsonfile 152ms (cache revalidated)
npm http fetch GET 200 https://registry.npmjs.org/universalify 164ms (cache revalidated)
npm http fetch GET 200 https://registry.npmjs.org/is-running 748ms (cache revalidated)
npm http fetch GET 200 https://registry.npmjs.org/@types%2fnode 189ms (cache revalidated)
npm http fetch GET 200 https://registry.npmjs.org/ini 281ms (cache revalidated)
npm http fetch GET 200 https://registry.npmjs.org/temp-fs 959ms (cache revalidated)
npm http fetch GET 200 https://registry.npmjs.org/once 257ms (cache revalidated)
npm http fetch GET 200 https://registry.npmjs.org/decompress-unzip 760ms (cache revalidated)
npm http fetch GET 200 https://registry.npmjs.org/inflight 401ms (cache revalidated)
npm http fetch GET 200 https://registry.npmjs.org/inherits 222ms (cache revalidated)
npm http fetch GET 200 https://registry.npmjs.org/fs.realpath 185ms (cache revalidated)
npm http fetch GET 200 https://registry.npmjs.org/minimatch 190ms (cache revalidated)
npm http fetch GET 200 https://registry.npmjs.org/path-is-absolute 204ms (cache revalidated)
npm http fetch GET 200 https://registry.npmjs.org/ansi-colors 213ms (cache revalidated)
npm http fetch GET 200 https://registry.npmjs.org/strip-dirs 768ms (cache revalidated)
npm http fetch GET 200 https://registry.npmjs.org/diff 171ms (cache revalidated)
npm http fetch GET 200 https://registry.npmjs.org/escape-string-regexp 170ms (cache revalidated)
npm http fetch GET 200 https://registry.npmjs.org/chokidar 184ms (cache revalidated)
npm http fetch GET 200 https://registry.npmjs.org/find-up 167ms (cache revalidated)
npm http fetch GET 200 https://registry.npmjs.org/js-yaml 156ms (cache revalidated)
npm http fetch GET 200 https://registry.npmjs.org/he 228ms (cache revalidated)
npm http fetch GET 200 https://registry.npmjs.org/yargs 13ms (cache hit)
npm http fetch GET 200 https://registry.npmjs.org/serialize-javascript 177ms (cache revalidated)
npm http fetch GET 200 https://registry.npmjs.org/ms 200ms (cache revalidated)
npm http fetch GET 200 https://registry.npmjs.org/strip-json-comments 205ms (cache revalidated)
npm http fetch GET 200 https://registry.npmjs.org/yargs-parser 153ms (cache revalidated)
npm http fetch GET 200 https://registry.npmjs.org/js-message 186ms (cache revalidated)
npm http fetch GET 200 https://registry.npmjs.org/aws-sign2 156ms (cache revalidated)
npm http fetch GET 200 https://registry.npmjs.org/caseless 155ms (cache revalidated)
npm http fetch GET 200 https://registry.npmjs.org/aws4 186ms (cache revalidated)
npm http fetch GET 200 https://registry.npmjs.org/browser-stdout 778ms (cache revalidated)
npm http fetch GET 200 https://registry.npmjs.org/combined-stream 179ms (cache revalidated)
npm http fetch GET 200 https://registry.npmjs.org/workerpool 732ms (cache revalidated)
npm http fetch GET 200 https://registry.npmjs.org/extend 172ms (cache revalidated)
npm http fetch GET 200 https://registry.npmjs.org/yargs-unparser 719ms (cache revalidated)
npm http fetch GET 200 https://registry.npmjs.org/form-data 159ms (cache revalidated)
npm http fetch GET 200 https://registry.npmjs.org/event-pubsub 726ms (cache revalidated)
npm http fetch GET 200 https://registry.npmjs.org/http-signature 166ms (cache revalidated)
npm http fetch GET 200 https://registry.npmjs.org/js-queue 745ms (cache revalidated)
npm http fetch GET 200 https://registry.npmjs.org/is-typedarray 175ms (cache revalidated)
npm http fetch GET 200 https://registry.npmjs.org/isstream 155ms (cache revalidated)
npm http fetch GET 200 https://registry.npmjs.org/mime-types 158ms (cache revalidated)
npm http fetch GET 200 https://registry.npmjs.org/json-stringify-safe 174ms (cache revalidated)
npm http fetch GET 200 https://registry.npmjs.org/har-validator 359ms (cache revalidated)
npm http fetch GET 200 https://registry.npmjs.org/oauth-sign 176ms (cache revalidated)
npm http fetch GET 200 https://registry.npmjs.org/performance-now 166ms (cache revalidated)
npm http fetch GET 200 https://registry.npmjs.org/qs 168ms (cache revalidated)
npm http fetch GET 200 https://registry.npmjs.org/safe-buffer 167ms (cache revalidated)
npm http fetch GET 200 https://registry.npmjs.org/tough-cookie 167ms (cache revalidated)
npm http fetch GET 200 https://registry.npmjs.org/tunnel-agent 165ms (cache revalidated)
npm http fetch GET 200 https://registry.npmjs.org/ajv 164ms (cache revalidated)
npm http fetch GET 200 https://registry.npmjs.org/slice-ansi 172ms (cache revalidated)
npm http fetch GET 200 https://registry.npmjs.org/forever-agent 756ms (cache revalidated)
npm http fetch GET 200 https://registry.npmjs.org/boxen 164ms (cache revalidated)
npm http fetch GET 200 https://registry.npmjs.org/is-npm 170ms (cache revalidated)
npm http fetch GET 200 https://registry.npmjs.org/semver-diff 173ms (cache revalidated)
npm http fetch GET 200 https://registry.npmjs.org/import-lazy 222ms (cache revalidated)
npm http fetch GET 200 https://registry.npmjs.org/xdg-basedir 169ms (cache revalidated)
npm http fetch GET 200 https://registry.npmjs.org/eyes 167ms (cache revalidated)
npm http fetch GET 200 https://registry.npmjs.org/cycle 163ms (cache revalidated)
npm http fetch GET 200 https://registry.npmjs.org/colors 157ms (cache revalidated)
npm http fetch GET 200 https://registry.npmjs.org/stack-trace 172ms (cache revalidated)
npm http fetch GET 200 https://registry.npmjs.org/cliui 162ms (cache revalidated)
npm http fetch GET 200 https://registry.npmjs.org/y18n 176ms (cache revalidated)
npm http fetch GET 200 https://registry.npmjs.org/pupa 722ms (cache revalidated)
npm http fetch GET 200 https://registry.npmjs.org/is-in-ci 727ms (cache revalidated)
npm http fetch GET 200 https://registry.npmjs.org/configstore 734ms (cache revalidated)
npm http fetch GET 200 https://registry.npmjs.org/decamelize 175ms (cache revalidated)
npm http fetch GET 200 https://registry.npmjs.org/set-blocking 156ms (cache revalidated)
npm http fetch GET 200 https://registry.npmjs.org/get-caller-file 159ms (cache revalidated)
npm http fetch GET 200 https://registry.npmjs.org/latest-version 715ms (cache revalidated)
npm http fetch GET 200 https://registry.npmjs.org/require-directory 161ms (cache revalidated)
npm http fetch GET 200 https://registry.npmjs.org/require-main-filename 171ms (cache revalidated)
npm http fetch GET 200 https://registry.npmjs.org/which-module 723ms (cache revalidated)
npm http fetch GET 200 https://registry.npmjs.org/lazystream 191ms (cache revalidated)
npm http fetch GET 200 https://registry.npmjs.org/normalize-path 202ms (cache revalidated)
npm http fetch GET 200 https://registry.npmjs.org/lodash.isplainobject 211ms (cache revalidated)
npm http fetch GET 200 https://registry.npmjs.org/string_decoder 179ms (cache revalidated)
npm http fetch GET 200 https://registry.npmjs.org/util-deprecate 180ms (cache revalidated)
npm http fetch GET 200 https://registry.npmjs.org/bl 177ms (cache revalidated)
npm http fetch GET 200 https://registry.npmjs.org/lodash.union 402ms (cache revalidated)
npm http fetch GET 200 https://registry.npmjs.org/end-of-stream 182ms (cache revalidated)
npm http fetch GET 200 https://registry.npmjs.org/fs-constants 203ms (cache revalidated)
npm http fetch GET 200 https://registry.npmjs.org/lodash.difference 729ms (cache revalidated)
npm http fetch GET 200 https://registry.npmjs.org/lodash.defaults 738ms (cache revalidated)
npm http fetch GET 200 https://registry.npmjs.org/lodash.flatten 958ms (cache revalidated)
npm http fetch GET 200 https://registry.npmjs.org/compress-commons 732ms (cache revalidated)
npm http fetch GET 200 https://registry.npmjs.org/core-util-is 174ms (cache revalidated)
npm http fetch GET 200 https://registry.npmjs.org/isarray 182ms (cache revalidated)
npm http fetch GET 200 https://registry.npmjs.org/process-nextick-args 187ms (cache revalidated)
npm http fetch GET 200 https://registry.npmjs.org/event-stream 160ms (cache revalidated)
npm http fetch GET 200 https://registry.npmjs.org/rimraf 172ms (cache revalidated)
npm http fetch GET 200 https://registry.npmjs.org/color-convert 165ms (cache revalidated)
npm http fetch GET 200 https://registry.npmjs.org/has-flag 200ms (cache revalidated)
npm http fetch GET 200 https://registry.npmjs.org/color-name 176ms (cache revalidated)
npm http fetch GET 200 https://registry.npmjs.org/is-fullwidth-code-point 155ms (cache revalidated)
npm http fetch GET 200 https://registry.npmjs.org/emoji-regex 168ms (cache revalidated)
npm http fetch GET 200 https://registry.npmjs.org/strip-ansi 178ms (cache revalidated)
npm http fetch GET 200 https://registry.npmjs.org/lodash.once 181ms (cache revalidated)
npm http fetch GET 200 https://registry.npmjs.org/base64-js 189ms (cache revalidated)
npm http fetch GET 200 https://registry.npmjs.org/is-stream 188ms (cache revalidated)
npm http fetch GET 200 https://registry.npmjs.org/ieee754 203ms (cache revalidated)
npm http fetch GET 200 https://registry.npmjs.org/restore-cursor 206ms (cache revalidated)
npm http fetch GET 200 https://registry.npmjs.org/onetime 207ms (cache revalidated)
npm http fetch GET 200 https://registry.npmjs.org/@colors%2fcolors 211ms (cache revalidated)
npm http fetch GET 200 https://registry.npmjs.org/signal-exit 183ms (cache revalidated)
npm http fetch GET 200 https://registry.npmjs.org/cross-spawn 188ms (cache revalidated)
npm http fetch GET 200 https://registry.npmjs.org/get-stream 198ms (cache revalidated)
npm http fetch GET 200 https://registry.npmjs.org/strip-final-newline 181ms (cache revalidated)
npm http fetch GET 200 https://registry.npmjs.org/merge-stream 193ms (cache revalidated)
npm http fetch GET 200 https://registry.npmjs.org/human-signals 188ms (cache revalidated)
npm http fetch GET 200 https://registry.npmjs.org/npm-run-path 193ms (cache revalidated)
npm http fetch GET 200 https://registry.npmjs.org/get-stream 32ms (cache hit)
npm http fetch GET 200 https://registry.npmjs.org/@types%2fyauzl 182ms (cache revalidated)
npm http fetch GET 200 https://registry.npmjs.org/ci-info 175ms (cache revalidated)
npm http fetch GET 200 https://registry.npmjs.org/global-dirs 187ms (cache revalidated)
npm http fetch GET 200 https://registry.npmjs.org/rfdc 185ms (cache revalidated)
npm http fetch GET 200 https://registry.npmjs.org/is-path-inside 191ms (cache revalidated)
npm http fetch GET 200 https://registry.npmjs.org/rxjs 183ms (cache revalidated)
npm http fetch GET 200 https://registry.npmjs.org/at-least-node 231ms (cache revalidated)
npm http fetch GET 200 https://registry.npmjs.org/p-map 221ms (cache revalidated)
npm http fetch GET 200 https://registry.npmjs.org/through 223ms (cache revalidated)
npm http fetch GET 200 https://registry.npmjs.org/wrap-ansi 220ms (cache revalidated)
npm http fetch GET 200 https://registry.npmjs.org/cli-truncate 202ms (cache revalidated)
npm http fetch GET 200 https://registry.npmjs.org/is-unicode-supported 194ms (cache revalidated)
npm http fetch GET 200 https://registry.npmjs.org/colorette 227ms (cache revalidated)
npm http fetch GET 200 https://registry.npmjs.org/throttleit 203ms (cache revalidated)
npm http fetch GET 200 https://registry.npmjs.org/log-update 408ms (cache revalidated)
npm http fetch GET 200 https://registry.npmjs.org/fd-slicer 735ms (cache revalidated)
npm http fetch GET 200 https://registry.npmjs.org/asynckit 177ms (cache revalidated)
npm http fetch GET 200 https://registry.npmjs.org/assert-plus 183ms (cache revalidated)
npm http fetch GET 200 https://registry.npmjs.org/delayed-stream 186ms (cache revalidated)
npm http fetch GET 200 https://registry.npmjs.org/jsprim 188ms (cache revalidated)
npm http fetch GET 200 https://registry.npmjs.org/sshpk 189ms (cache revalidated)
npm http fetch GET 200 https://registry.npmjs.org/mime-db 192ms (cache revalidated)
npm http fetch GET 200 https://registry.npmjs.org/side-channel 192ms (cache revalidated)
npm http fetch GET 200 https://registry.npmjs.org/url-parse 171ms (cache revalidated)
npm http fetch GET 200 https://registry.npmjs.org/punycode 181ms (cache revalidated)
npm http fetch GET 200 https://registry.npmjs.org/psl 333ms (cache revalidated)
npm http fetch GET 200 https://registry.npmjs.org/yargs 28ms (cache hit)
npm http fetch GET 200 https://registry.npmjs.org/escape-html 177ms (cache revalidated)
npm http fetch GET 200 https://registry.npmjs.org/lodash.isstring 189ms (cache revalidated)
npm http fetch GET 200 https://registry.npmjs.org/lodash.isobject 202ms (cache revalidated)
npm http fetch GET 200 https://registry.npmjs.org/lodash.isfunction 208ms (cache revalidated)
npm http fetch GET 200 https://registry.npmjs.org/lodash.isfunction 168ms (cache revalidated)
npm http fetch GET 200 https://registry.npmjs.org/prop-types 171ms (cache revalidated)
npm http fetch GET 200 https://registry.npmjs.org/validator 176ms (cache revalidated)
npm http fetch GET 200 https://registry.npmjs.org/yargs 15ms (cache hit)
npm http fetch GET 200 https://registry.npmjs.org/dateformat 741ms (cache revalidated)
npm http fetch GET 200 https://registry.npmjs.org/lodash.isempty 771ms (cache revalidated)
npm http fetch GET 200 https://registry.npmjs.org/fsu 779ms (cache revalidated)
npm http fetch GET 200 https://registry.npmjs.org/opener 747ms (cache revalidated)
npm http fetch GET 200 https://registry.npmjs.org/tcomb 800ms (cache revalidated)
npm http fetch GET 200 https://registry.npmjs.org/tcomb-validation 734ms (cache revalidated)
npm http fetch GET 200 https://registry.npmjs.org/file-type 189ms (cache revalidated)
npm http fetch GET 200 https://registry.npmjs.org/unbzip2-stream 201ms (cache revalidated)
npm http fetch GET 200 https://registry.npmjs.org/file-type 201ms (cache revalidated)
npm http fetch GET 200 https://registry.npmjs.org/file-type 215ms (cache revalidated)
npm http fetch GET 200 https://registry.npmjs.org/file-type 218ms (cache revalidated)
npm http fetch GET 200 https://registry.npmjs.org/seek-bzip 229ms (cache revalidated)
npm http fetch GET 200 https://registry.npmjs.org/is-natural-number 767ms (cache revalidated)
npm http fetch GET 200 https://registry.npmjs.org/xtend 170ms (cache revalidated)
npm http fetch GET 200 https://registry.npmjs.org/to-buffer 748ms (cache revalidated)
npm http fetch GET 200 https://registry.npmjs.org/buffer-alloc 1968ms (cache revalidated)
npm http fetch GET 200 https://registry.npmjs.org/object-assign 169ms (cache revalidated)
npm http fetch GET 200 https://registry.npmjs.org/pinkie-promise 169ms (cache revalidated)
npm http fetch GET 200 https://registry.npmjs.org/ansi-regex 148ms (cache revalidated)
npm http fetch GET 200 https://registry.npmjs.org/which 183ms (cache revalidated)
npm http fetch GET 200 https://registry.npmjs.org/mimic-fn 194ms (cache revalidated)
npm http fetch GET 200 https://registry.npmjs.org/pump 198ms (cache revalidated)
npm http fetch GET 200 https://registry.npmjs.org/path-key 202ms (cache revalidated)
npm http fetch GET 200 https://registry.npmjs.org/path-key 201ms (cache revalidated)
npm http fetch GET 200 https://registry.npmjs.org/shebang-command 218ms (cache revalidated)
npm http fetch GET 200 https://registry.npmjs.org/shebang-regex 157ms (cache revalidated)
npm http fetch GET 200 https://registry.npmjs.org/isexe 166ms (cache revalidated)
npm http fetch GET 200 https://registry.npmjs.org/@types%2fnode 29ms (cache hit)
npm http fetch GET 200 https://registry.npmjs.org/undici-types 175ms (cache revalidated)
npm http fetch GET 200 https://registry.npmjs.org/pinkie 712ms (cache revalidated)
npm http fetch GET 200 https://registry.npmjs.org/wrappy 159ms (cache revalidated)
npm http fetch GET 200 https://registry.npmjs.org/wrappy 173ms (cache revalidated)
npm http fetch GET 200 https://registry.npmjs.org/brace-expansion 188ms (cache revalidated)
npm http fetch GET 200 https://registry.npmjs.org/extsprintf 213ms (cache revalidated)
npm http fetch GET 200 https://registry.npmjs.org/getpass 218ms (cache revalidated)
npm http fetch GET 200 https://registry.npmjs.org/verror 223ms (cache revalidated)
npm http fetch GET 200 https://registry.npmjs.org/dashdash 224ms (cache revalidated)
npm http fetch GET 200 https://registry.npmjs.org/asn1 228ms (cache revalidated)
npm http fetch GET 200 https://registry.npmjs.org/safer-buffer 233ms (cache revalidated)
npm http fetch GET 200 https://registry.npmjs.org/json-schema 239ms (cache revalidated)
npm http fetch GET 200 https://registry.npmjs.org/jsbn 169ms (cache revalidated)
npm http fetch GET 200 https://registry.npmjs.org/tweetnacl 177ms (cache revalidated)
npm http fetch GET 200 https://registry.npmjs.org/bcrypt-pbkdf 190ms (cache revalidated)
npm http fetch GET 200 https://registry.npmjs.org/ecc-jsbn 232ms (cache revalidated)
npm http fetch GET 200 https://registry.npmjs.org/aggregate-error 160ms (cache revalidated)
npm http fetch GET 200 https://registry.npmjs.org/ansi-escapes 164ms (cache revalidated)
npm http fetch GET 200 https://registry.npmjs.org/tslib 176ms (cache revalidated)
npm http fetch GET 200 https://registry.npmjs.org/astral-regex 168ms (cache revalidated)
npm http fetch GET 200 https://registry.npmjs.org/type-fest 153ms (cache revalidated)
npm http fetch GET 200 https://registry.npmjs.org/concat-map 167ms (cache revalidated)
npm http fetch GET 200 https://registry.npmjs.org/balanced-match 169ms (cache revalidated)
npm http fetch GET 200 https://registry.npmjs.org/readdirp 190ms (cache revalidated)
npm http fetch GET 200 https://registry.npmjs.org/is-glob 196ms (cache revalidated)
npm http fetch GET 200 https://registry.npmjs.org/braces 206ms (cache revalidated)
npm http fetch GET 200 https://registry.npmjs.org/fsevents 216ms (cache revalidated)
npm http fetch GET 200 https://registry.npmjs.org/anymatch 235ms (cache revalidated)
npm http fetch GET 200 https://registry.npmjs.org/is-binary-path 237ms (cache revalidated)
npm http fetch GET 200 https://registry.npmjs.org/glob-parent 246ms (cache revalidated)
npm http fetch GET 200 https://registry.npmjs.org/randombytes 210ms (cache revalidated)
npm http fetch GET 200 https://registry.npmjs.org/locate-path 246ms (cache revalidated)
npm http fetch GET 200 https://registry.npmjs.org/escalade 216ms (cache revalidated)
npm http fetch GET 200 https://registry.npmjs.org/camelcase 212ms (cache revalidated)
npm http fetch GET 200 https://registry.npmjs.org/argparse 259ms (cache revalidated)
npm http fetch GET 200 https://registry.npmjs.org/path-exists 276ms (cache revalidated)
npm http fetch GET 200 https://registry.npmjs.org/is-plain-obj 189ms (cache revalidated)
npm http fetch GET 200 https://registry.npmjs.org/flat 730ms (cache revalidated)
npm http fetch GET 200 https://registry.npmjs.org/binary-extensions 158ms (cache revalidated)
npm http fetch GET 200 https://registry.npmjs.org/fill-range 168ms (cache revalidated)
npm http fetch GET 200 https://registry.npmjs.org/picomatch 172ms (cache revalidated)
npm http fetch GET 200 https://registry.npmjs.org/is-extglob 177ms (cache revalidated)
npm http fetch GET 200 https://registry.npmjs.org/picomatch 180ms (cache revalidated)
npm http fetch GET 200 https://registry.npmjs.org/to-regex-range 153ms (cache revalidated)
npm http fetch GET 200 https://registry.npmjs.org/is-number 149ms (cache revalidated)
npm http fetch GET 200 https://registry.npmjs.org/p-locate 213ms (cache revalidated)
npm http fetch GET 200 https://registry.npmjs.org/p-limit 149ms (cache revalidated)
npm http fetch GET 200 https://registry.npmjs.org/react-is 193ms (cache revalidated)
npm http fetch GET 200 https://registry.npmjs.org/loose-envify 736ms (cache revalidated)
npm http fetch GET 200 https://registry.npmjs.org/easy-stack 740ms (cache revalidated)
npm http fetch GET 200 https://registry.npmjs.org/yocto-queue 152ms (cache revalidated)
npm http fetch GET 200 https://registry.npmjs.org/clean-stack 155ms (cache revalidated)
npm http fetch GET 200 https://registry.npmjs.org/indent-string 857ms (cache revalidated)
npm http fetch GET 200 https://registry.npmjs.org/js-tokens 162ms (cache revalidated)
npm http fetch GET 200 https://registry.npmjs.org/pause-stream 190ms (cache revalidated)
npm http fetch GET 200 https://registry.npmjs.org/stream-combiner 188ms (cache revalidated)
npm http fetch GET 200 https://registry.npmjs.org/duplexer 196ms (cache revalidated)
npm http fetch GET 200 https://registry.npmjs.org/from 195ms (cache revalidated)
npm http fetch GET 200 https://registry.npmjs.org/map-stream 197ms (cache revalidated)
npm http fetch GET 200 https://registry.npmjs.org/split 196ms (cache revalidated)
npm http fetch GET 200 https://registry.npmjs.org/es-errors 171ms (cache revalidated)
npm http fetch GET 200 https://registry.npmjs.org/call-bind 176ms (cache revalidated)
npm http fetch GET 200 https://registry.npmjs.org/object-inspect 183ms (cache revalidated)
npm http fetch GET 200 https://registry.npmjs.org/get-intrinsic 188ms (cache revalidated)
npm http fetch GET 200 https://registry.npmjs.org/ajv 15ms (cache hit)
npm http fetch GET 200 https://registry.npmjs.org/har-schema 175ms (cache revalidated)
npm http fetch GET 200 https://registry.npmjs.org/fast-deep-equal 175ms (cache revalidated)
npm http fetch GET 200 https://registry.npmjs.org/fast-json-stable-stringify 176ms (cache revalidated)
npm http fetch GET 200 https://registry.npmjs.org/uri-js 183ms (cache revalidated)
npm http fetch GET 200 https://registry.npmjs.org/json-schema-traverse 184ms (cache revalidated)
npm http fetch GET 200 https://registry.npmjs.org/set-function-length 158ms (cache revalidated)
npm http fetch GET 200 https://registry.npmjs.org/function-bind 168ms (cache revalidated)
npm http fetch GET 200 https://registry.npmjs.org/hasown 171ms (cache revalidated)
npm http fetch GET 200 https://registry.npmjs.org/es-define-property 180ms (cache revalidated)
npm http fetch GET 200 https://registry.npmjs.org/has-symbols 173ms (cache revalidated)
npm http fetch GET 200 https://registry.npmjs.org/has-proto 181ms (cache revalidated)
npm http fetch GET 200 https://registry.npmjs.org/function-bind 183ms (cache revalidated)
npm http fetch GET 200 https://registry.npmjs.org/gopd 161ms (cache revalidated)
npm http fetch GET 200 https://registry.npmjs.org/define-data-property 166ms (cache revalidated)
npm http fetch GET 200 https://registry.npmjs.org/has-property-descriptors 171ms (cache revalidated)
npm http fetch GET 200 https://registry.npmjs.org/querystringify 163ms (cache revalidated)
npm http fetch GET 200 https://registry.npmjs.org/requires-port 171ms (cache revalidated)
npm http fetch GET 200 https://registry.npmjs.org/dot-prop 170ms (cache revalidated)
npm http fetch GET 200 https://registry.npmjs.org/unique-string 176ms (cache revalidated)
npm http fetch GET 200 https://registry.npmjs.org/ansi-align 187ms (cache revalidated)
npm http fetch GET 200 https://registry.npmjs.org/write-file-atomic 184ms (cache revalidated)
npm http fetch GET 200 https://registry.npmjs.org/cli-boxes 753ms (cache revalidated)
npm http fetch GET 200 https://registry.npmjs.org/package-json 769ms (cache revalidated)
npm http fetch GET 200 https://registry.npmjs.org/widest-line 782ms (cache revalidated)
npm http fetch GET 200 https://registry.npmjs.org/escape-goat 759ms (cache revalidated)
npm http fetch GET 200 https://registry.npmjs.org/eastasianwidth 172ms (cache revalidated)
npm http fetch GET 200 https://registry.npmjs.org/is-obj 168ms (cache revalidated)
npm http fetch GET 200 https://registry.npmjs.org/imurmurhash 186ms (cache revalidated)
npm http fetch GET 200 https://registry.npmjs.org/crypto-random-string 723ms (cache revalidated)
npm http fetch GET 200 https://registry.npmjs.org/typedarray-to-buffer 737ms (cache revalidated)
npm http fetch GET 200 https://registry.npmjs.org/got 170ms (cache revalidated)
npm http fetch GET 200 https://registry.npmjs.org/registry-url 190ms (cache revalidated)
npm http fetch GET 200 https://registry.npmjs.org/registry-auth-token 708ms (cache revalidated)
npm http fetch GET 200 https://registry.npmjs.org/responselike 165ms (cache revalidated)
npm http fetch GET 200 https://registry.npmjs.org/lowercase-keys 184ms (cache revalidated)
npm http fetch GET 200 https://registry.npmjs.org/p-cancelable 188ms (cache revalidated)
npm http fetch GET 200 https://registry.npmjs.org/cacheable-lookup 187ms (cache revalidated)
npm http fetch GET 200 https://registry.npmjs.org/http2-wrapper 192ms (cache revalidated)
npm http fetch GET 200 https://registry.npmjs.org/form-data-encoder 152ms (cache revalidated)
npm http fetch GET 200 https://registry.npmjs.org/decompress-response 178ms (cache revalidated)
npm http fetch GET 200 https://registry.npmjs.org/rc 175ms (cache revalidated)
npm http fetch GET 200 https://registry.npmjs.org/@sindresorhus%2fis 449ms (cache revalidated)
npm http fetch GET 200 https://registry.npmjs.org/@szmarczak%2fhttp-timer 448ms (cache revalidated)
npm http fetch GET 200 https://registry.npmjs.org/cacheable-request 864ms (cache revalidated)
npm http fetch GET 200 https://registry.npmjs.org/@pnpm%2fnpm-conf 1632ms (cache revalidated)
npm http fetch GET 200 https://registry.npmjs.org/@types%2fhttp-cache-semantics 195ms (cache revalidated)
npm http fetch GET 200 https://registry.npmjs.org/defer-to-connect 200ms (cache revalidated)
npm http fetch GET 200 https://registry.npmjs.org/http-cache-semantics 203ms (cache revalidated)
npm http fetch GET 200 https://registry.npmjs.org/keyv 205ms (cache revalidated)
npm http fetch GET 200 https://registry.npmjs.org/normalize-url 205ms (cache revalidated)
npm http fetch GET 200 https://registry.npmjs.org/mimic-response 211ms (cache revalidated)
npm http fetch GET 200 https://registry.npmjs.org/mimic-response 210ms (cache revalidated)
npm http fetch GET 200 https://registry.npmjs.org/resolve-alpn 181ms (cache revalidated)
npm http fetch GET 200 https://registry.npmjs.org/quick-lru 187ms (cache revalidated)
npm http fetch GET 200 https://registry.npmjs.org/json-buffer 157ms (cache revalidated)
npm http fetch GET 200 https://registry.npmjs.org/@pnpm%2fnetwork.ca-file 490ms (cache revalidated)
npm http fetch GET 200 https://registry.npmjs.org/config-chain 717ms (cache revalidated)
npm http fetch GET 200 https://registry.npmjs.org/@pnpm%2fconfig.env-replace 1578ms (cache revalidated)
npm http fetch GET 200 https://registry.npmjs.org/proto-list 167ms (cache revalidated)
npm http fetch GET 200 https://registry.npmjs.org/deep-extend 156ms (cache revalidated)
npm http fetch GET 200 https://registry.npmjs.org/pend 177ms (cache revalidated)
npm http fetch GET 200 https://registry.npmjs.org/crc32-stream 723ms (cache revalidated)
npm http fetch GET 200 https://registry.npmjs.org/crc-32 720ms (cache revalidated)
npm http fetch GET 200 https://registry.npmjs.org/buffer-fill 226ms (cache revalidated)
npm http fetch GET 200 https://registry.npmjs.org/buffer-alloc-unsafe 731ms (cache revalidated)
npm http fetch GET 200 https://registry.npmjs.org/p-try 175ms (cache revalidated)
npm verbose reify failed optional dependency C:\Trabalho_Entregue_WEB\tmpBstackPackages\node_modules\fsevents
npm http fetch POST 200 https://registry.npmjs.org/-/npm/v1/security/advisories/bulk 1469ms
npm warn deprecated inflight@1.0.6: This module is not supported, and leaks memory. Do not use it. Check out lru-cache if you want a good and tested way to coalesce async requests by a key value, which is much more comprehensive and powerful.
npm warn deprecated rimraf@2.5.4: Rimraf versions prior to v4 are no longer supported
npm warn deprecated har-validator@5.1.5: this library is no longer supported
npm warn deprecated glob@7.2.3: Glob versions prior to v9 are no longer supported
npm warn deprecated glob@8.1.0: Glob versions prior to v9 are no longer supported
npm http fetch GET 200 https://registry.npmjs.org/tough-cookie 1588ms (cache revalidated)
npm http fetch GET 200 https://registry.npmjs.org/request 1598ms (cache revalidated)
npm warn deprecated uuid@3.4.0: Please upgrade  to version 7 or higher.  Older versions may use Math.random() in certain circumstances, which is known to be problematic.  See https://v8.dev/blog/math-random for details.
npm warn deprecated request@2.88.2: request has been deprecated, see https://github.com/request/request/issues/3142
npm http fetch GET 200 https://registry.npmjs.org/browserstack-cypress-cli 1010ms (cache revalidated)
npm info run cypress@13.13.2 postinstall node_modules/cypress node index.js --exec install
npm info run cypress@13.13.2 postinstall { code: 0, signal: null }

added 501 packages, and audited 502 packages in 1m

96 packages are looking for funding
  run `npm fund` for details

3 moderate severity vulnerabilities

To address all issues (including breaking changes), run:
  npm audit fix --force

Run `npm audit` for details.
npm verbose cwd C:\Trabalho_Entregue_WEB\tmpBstackPackages
npm verbose os Windows_NT 10.0.22631
npm verbose node v20.11.1
npm verbose npm  v10.8.1
npm verbose exit 0
npm info ok
